Watching for file changes with StatReloader
[15/Aug/2025 19:38:30] "GET /admin/ HTTP/1.1" 302 0
Bad Request: /api/payment/initiate/
[15/Aug/2025 19:38:58] "POST /api/payment/initiate/ HTTP/1.1" 400 75
Unauthorized: /api/payment/initiate/
[15/Aug/2025 19:39:10] "POST /api/payment/initiate/ HTTP/1.1" 401 262
Not Found: /api/payment/verify/
[15/Aug/2025 19:39:18] "POST /api/payment/verify/ HTTP/1.1" 404 50
Unauthorized: /api/payment/verify/
[15/Aug/2025 19:39:33] "POST /api/payment/verify/ HTTP/1.1" 401 262
Bad Request: /api/payment/webhook/
[15/Aug/2025 19:39:42] "POST /api/payment/webhook/ HTTP/1.1" 400 29
Bad Request: /api/payment/webhook/
[15/Aug/2025 19:39:55] "POST /api/payment/webhook/ HTTP/1.1" 400 29
[15/Aug/2025 19:40:06] "POST /admin/login/?next=/admin/ HTTP/1.1" 302 0
[15/Aug/2025 19:40:06] "GET /admin/ HTTP/1.1" 200 7783
[15/Aug/2025 19:40:07] "GET /static/admin/css/dashboard.css HTTP/1.1" 200 441
[15/Aug/2025 19:40:07] "GET /static/admin/img/icon-addlink.svg HTTP/1.1" 200 331
[15/Aug/2025 19:40:07] "GET /static/admin/img/icon-changelink.svg HTTP/1.1" 200 380
[15/Aug/2025 19:40:14] "GET /admin/listings/payment/ HTTP/1.1" 200 13750
[15/Aug/2025 19:40:14] "GET /static/admin/css/changelists.css HTTP/1.1" 200 6878
[15/Aug/2025 19:40:14] "GET /static/admin/js/jquery.init.js HTTP/1.1" 200 347
[15/Aug/2025 19:40:14] "GET /static/admin/js/core.js HTTP/1.1" 200 6208
[15/Aug/2025 19:40:14] "GET /static/admin/js/actions.js HTTP/1.1" 200 8076
[15/Aug/2025 19:40:14] "GET /static/admin/js/admin/RelatedObjectLookups.js HTTP/1.1" 200 9777
[15/Aug/2025 19:40:14] "GET /static/admin/js/urlify.js HTTP/1.1" 200 7887
[15/Aug/2025 19:40:14] "GET /static/admin/js/prepopulate.js HTTP/1.1" 200 1531
[15/Aug/2025 19:40:14] "GET /admin/jsi18n/ HTTP/1.1" 200 3342
[15/Aug/2025 19:40:14] "GET /static/admin/img/search.svg HTTP/1.1" 200 458
[15/Aug/2025 19:40:14] "GET /static/admin/js/vendor/jquery/jquery.js HTTP/1.1" 200 285314
[15/Aug/2025 19:40:14] "GET /static/admin/js/vendor/xregexp/xregexp.js HTTP/1.1" 200 325171
[15/Aug/2025 19:40:14] "GET /static/admin/js/filters.js HTTP/1.1" 200 978
[15/Aug/2025 19:40:14] "GET /static/admin/img/tooltag-add.svg HTTP/1.1" 200 331
[15/Aug/2025 19:40:14] "GET /static/admin/img/icon-viewlink.svg HTTP/1.1" 200 581
[15/Aug/2025 19:40:14] "GET /static/admin/img/sorting-icons.svg HTTP/1.1" 200 1097
[15/Aug/2025 19:40:27] "POST /api/payment/webhook/ HTTP/1.1" 200 45
[15/Aug/2025 19:40:37] "GET /api/payment/status/aa5393a5-c041-4891-8973-0e2396d515ab/ HTTP/1.1" 302 0
[15/Aug/2025 19:40:41] "GET /api/payment/status/aa5393a5-c041-4891-8973-0e2396d515ab/ HTTP/1.1" 302 0
Bad Request: /api/payment/initiate/
[15/Aug/2025 19:42:52] "POST /api/payment/initiate/ HTTP/1.1" 400 75
[15/Aug/2025 19:43:46] "POST /admin/logout/ HTTP/1.1" 200 3568
[15/Aug/2025 19:43:48] "GET /admin/ HTTP/1.1" 302 0
[15/Aug/2025 19:43:48] "GET /admin/login/?next=/admin/ HTTP/1.1" 200 4173
[15/Aug/2025 19:44:23] "POST /admin/login/?next=/admin/ HTTP/1.1" 200 4344
[15/Aug/2025 19:44:57] "POST /admin/login/?next=/admin/ HTTP/1.1" 200 4344
[15/Aug/2025 19:45:06] "GET /admin/login/ HTTP/1.1" 200 4160
[15/Aug/2025 19:45:24] "POST /admin/login/ HTTP/1.1" 200 4331
[15/Aug/2025 19:45:44] "POST /admin/login/ HTTP/1.1" 200 4331
